<?xml version="1.0" encoding="UTF-8"?>
<!-- Generated by org.testng.reporters.JUnitReportReporter -->
<testsuite skipped="0" hostname="Nagendra-Yoga" name="Academy.validateNavigationBar" tests="1" failures="0" timestamp="10 Jun 2021 20:57:42 GMT" time="0.123" errors="0">
  <testcase name="validateAppNavBar" time="0.123" classname="Academy.validateNavigationBar"/>
</testsuite> <!-- Academy.validateNavigationBar -->
