<?xml version="1.0" encoding="UTF-8"?>
<!-- Generated by org.testng.reporters.JUnitReportReporter -->
<testsuite skipped="0" hostname="Nagendra-Yoga" name="Academy.HomePage" tests="2" failures="0" timestamp="10 Jun 2021 21:01:05 GMT" time="19.766" errors="0">
  <testcase name="basePageNavigation" time="5.103" classname="Academy.HomePage"/>
  <testcase name="basePageNavigation" time="14.663" classname="Academy.HomePage"/>
</testsuite> <!-- Academy.HomePage -->
